<?xml version="1.0" encoding="UTF-8"?>
<!-- Generated by org.testng.reporters.JUnitXMLReporter -->
<testsuite hostname="ASHOK" ignored="0" name="Logindex" tests="1" failures="0" timestamp="11 Oct 2017 07:51:52 GMT" time="0.085" errors="0">
  <testcase name="@BeforeClass startWebApps" time="0.0" classname="com.rectrix.groupworkflow.logindex.Logindex">
    <failure type="java.lang.NullPointerException">
      <![CDATA[java.lang.NullPointerException
	at com.rectrix.groupworkflow.testbase.Testbase.init(Testbase.java:31)
	at com.rectrix.groupworkflow.logindex.Logindex.startWebApps(Logindex.java:22)
... Removed 25 stack frames]]>
    </failure>
  </testcase> <!-- @BeforeClass startWebApps -->
  <testcase name="@AfterClass closeWebApps" time="0.0" classname="com.rectrix.groupworkflow.logindex.Logindex">
    <skipped/>
  </testcase> <!-- @AfterClass closeWebApps -->
  <testcase name="userLogin" time="0.005" classname="com.rectrix.groupworkflow.logindex.Logindex">
    <skipped/>
  </testcase> <!-- userLogin -->
</testsuite> <!-- Logindex -->
