<?xml version="1.0" encoding="UTF-8"?>
<testng-results skipped="0" failed="0" ignored="0" total="1" passed="1">
  <reporter-output>
  </reporter-output>
  <suite name="Default suite" duration-ms="7992" started-at="2017-10-12T07:15:05Z" finished-at="2017-10-12T07:15:13Z">
    <groups>
    </groups>
    <test name="Default test" duration-ms="7992" started-at="2017-10-12T07:15:05Z" finished-at="2017-10-12T07:15:13Z">
      <class name="com.rectrix.groupworkflow.logindex.Logindex">
        <test-method status="PASS" signature="startWebApps()[pri:0, instance:com.rectrix.groupworkflow.logindex.Logindex@6d4b1c02]" name="startWebApps" is-config="true" duration-ms="5431" started-at="2017-10-12T12:45:05Z" finished-at="2017-10-12T12:45:10Z">
          <reporter-output>
          </reporter-output>
        </test-method> <!-- startWebApps -->
        <test-method status="PASS" signature="userLogin()[pri:0, instance:com.rectrix.groupworkflow.logindex.Logindex@6d4b1c02]" name="userLogin" duration-ms="2196" started-at="2017-10-12T12:45:10Z" finished-at="2017-10-12T12:45:13Z">
          <reporter-output>
          </reporter-output>
        </test-method> <!-- userLogin -->
        <test-method status="PASS" signature="closeWebApps()[pri:0, instance:com.rectrix.groupworkflow.logindex.Logindex@6d4b1c02]" name="closeWebApps" is-config="true" duration-ms="333" started-at="2017-10-12T12:45:13Z" finished-at="2017-10-12T12:45:13Z">
          <reporter-output>
          </reporter-output>
        </test-method> <!-- closeWebApps -->
      </class> <!-- com.rectrix.groupworkflow.logindex.Logindex -->
    </test> <!-- Default test -->
  </suite> <!-- Default suite -->
</testng-results>
